C:\Program Files\Microsoft Visual Studio\2022\Preview\MSBuild\Microsoft\VC\v170\Microsoft.CppBuild.targets(496,5): warning MSB8004: Output Directory does not end with a trailing slash.  This build instance will add the slash as it is required to allow proper evaluation of the Output Directory.
  aimbot.cpp
  angle.cpp
  bonesetup.cpp
  button.cpp
  callbacks.cpp
  chams.cpp
  checkbox.cpp
  client.cpp
C:\Users\Zande\Desktop\greatesthackever\chams.cpp(287,14): warning C4834: discarding return value of function with 'nodiscard' attribute
  clientstate.cpp
  colorpicker.cpp
  config.cpp
  console.cpp
  edit.cpp
  entity.cpp
  events.cpp
  firebullets.cpp
  gamemovement.cpp
  keybind.cpp
  matchframework.cpp
  materialsystem.cpp
  matrix.cpp
  raytracer.cpp
  shadowmgr.cpp
  csgo.cpp
  cvar.cpp
  modelrender.cpp
  dropdown.cpp
  entry.cpp
  form.cpp
  grenades.cpp
  gui.cpp
  hooks.cpp
  hvh.cpp
  engine.cpp
  knifebot.cpp
  lagcomp.cpp
  clientdll.cpp
  shots.cpp
  skins.cpp
  surface.cpp
  math.cpp
  movement.cpp
  multidropdown.cpp
  netdata.cpp
  clientmode.cpp
  panel.cpp
  penetration.cpp
  player.cpp
  pred.cpp
  netchannel.cpp
  render.cpp
  viewrender.cpp
  resolver.cpp
  prediction.cpp
  renderview.cpp
  slider.cpp
  visuals.cpp
  wndproc.cpp
C:\Users\Zande\Desktop\greatesthackever\visuals.cpp(1269,60): warning C4805: '==': unsafe mix of type 'int' and type 'bool' in operation
  supremacy_csgo.vcxproj -> C:\Users\Zande\Desktop\greatesthackever\output\supremacy_csgo.dll
